This is pdfTeX, Version 3.1415926-2.3-1.40.12 (MiKTeX 2.9) (preloaded format=pdflatex 2012.7.12)  14 AUG 2012 22:35
entering extended mode
**C:/Users/Bret/Desktop/Projects/Graduation*-*August*31/Bret's*Dissertation/com
plete_dissertation.tex

("C:/Users/Bret/Desktop/Projects/Graduation - August 31/Bret's Dissertation/com
plete_dissertation.tex"
LaTeX2e <2011/06/27>
Babel <v3.8m> and hyphenation patterns for english, afrikaans, ancientgreek, ar
abic, armenian, assamese, basque, bengali, bokmal, bulgarian, catalan, coptic, 
croatian, czech, danish, dutch, esperanto, estonian, farsi, finnish, french, ga
lician, german, german-x-2009-06-19, greek, gujarati, hindi, hungarian, iceland
ic, indonesian, interlingua, irish, italian, kannada, kurmanji, lao, latin, lat
vian, lithuanian, malayalam, marathi, mongolian, mongolianlmc, monogreek, ngerm
an, ngerman-x-2009-06-19, nynorsk, oriya, panjabi, pinyin, polish, portuguese, 
romanian, russian, sanskrit, serbian, slovak, slovenian, spanish, swedish, swis
sgerman, tamil, telugu, turkish, turkmen, ukenglish, ukrainian, uppersorbian, u
senglishmax, welsh, loaded.
("C:\Program Files (x86)\MiKTeX 2.9\tex\latex\base\book.cls"
Document Class: book 2007/10/19 v1.4h Standard LaTeX document class
("C:\Program Files (x86)\MiKTeX 2.9\tex\latex\base\bk12.clo"
File: bk12.clo 2007/10/19 v1.4h Standard LaTeX file (size option)
)
\c@part=\count79
\c@chapter=\count80
\c@section=\count81
\c@subsection=\count82
\c@subsubsection=\count83
\c@paragraph=\count84
\c@subparagraph=\count85
\c@figure=\count86
\c@table=\count87
\abovecaptionskip=\skip41
\belowcaptionskip=\skip42
\bibindent=\dimen102
)
("C:\Program Files (x86)\MiKTeX 2.9\tex\latex\geometry\geometry.sty"
Package: geometry 2010/09/12 v5.6 Page Geometry

("C:\Program Files (x86)\MiKTeX 2.9\tex\latex\graphics\keyval.sty"
Package: keyval 1999/03/16 v1.13 key=value parser (DPC)
\KV@toks@=\toks14
)
("C:\Program Files (x86)\MiKTeX 2.9\tex\generic\oberdiek\ifpdf.sty"
Package: ifpdf 2011/01/30 v2.3 Provides the ifpdf switch (HO)
Package ifpdf Info: pdfTeX in PDF mode is detected.
)
("C:\Program Files (x86)\MiKTeX 2.9\tex\generic\oberdiek\ifvtex.sty"
Package: ifvtex 2010/03/01 v1.5 Detect VTeX and its facilities (HO)
Package ifvtex Info: VTeX not detected.
)
("C:\Program Files (x86)\MiKTeX 2.9\tex\generic\ifxetex\ifxetex.sty"
Package: ifxetex 2010/09/12 v0.6 Provides ifxetex conditional
)
\Gm@cnth=\count88
\Gm@cntv=\count89
\c@Gm@tempcnt=\count90
\Gm@bindingoffset=\dimen103
\Gm@wd@mp=\dimen104
\Gm@odd@mp=\dimen105
\Gm@even@mp=\dimen106
\Gm@layoutwidth=\dimen107
\Gm@layoutheight=\dimen108
\Gm@layouthoffset=\dimen109
\Gm@layoutvoffset=\dimen110
\Gm@dimlist=\toks15

("C:\Program Files (x86)\MiKTeX 2.9\tex\latex\geometry\geometry.cfg"))
(C:\Users\Bret\AppData\Roaming\MiKTeX\2.9\tex\latex\fancyhdr\fancyhdr.sty
\fancy@headwidth=\skip43
\f@ncyO@elh=\skip44
\f@ncyO@erh=\skip45
\f@ncyO@olh=\skip46
\f@ncyO@orh=\skip47
\f@ncyO@elf=\skip48
\f@ncyO@erf=\skip49
\f@ncyO@olf=\skip50
\f@ncyO@orf=\skip51
)
(C:\Users\Bret\AppData\Roaming\MiKTeX\2.9\tex\latex\natbib\natbib.sty
Package: natbib 2010/09/13 8.31b (PWD, AO)
\bibhang=\skip52
\bibsep=\skip53
LaTeX Info: Redefining \cite on input line 694.
\c@NAT@ctr=\count91
)
(C:\Users\Bret\AppData\Roaming\MiKTeX\2.9\tex\latex\rotating\rotating.sty
Package: rotating 2009/03/28 v2.16a rotated objects in LaTeX

("C:\Program Files (x86)\MiKTeX 2.9\tex\latex\graphics\graphicx.sty"
Package: graphicx 1999/02/16 v1.0f Enhanced LaTeX Graphics (DPC,SPQR)

("C:\Program Files (x86)\MiKTeX 2.9\tex\latex\graphics\graphics.sty"
Package: graphics 2009/02/05 v1.0o Standard LaTeX Graphics (DPC,SPQR)

("C:\Program Files (x86)\MiKTeX 2.9\tex\latex\graphics\trig.sty"
Package: trig 1999/03/16 v1.09 sin cos tan (DPC)
)
("C:\Program Files (x86)\MiKTeX 2.9\tex\latex\00miktex\graphics.cfg"
File: graphics.cfg 2007/01/18 v1.5 graphics configuration of teTeX/TeXLive
)
Package graphics Info: Driver file: pdftex.def on input line 91.

("C:\Program Files (x86)\MiKTeX 2.9\tex\latex\pdftex-def\pdftex.def"
File: pdftex.def 2011/05/27 v0.06d Graphics/color for pdfTeX

("C:\Program Files (x86)\MiKTeX 2.9\tex\generic\oberdiek\infwarerr.sty"
Package: infwarerr 2010/04/08 v1.3 Providing info/warning/error messages (HO)
)
("C:\Program Files (x86)\MiKTeX 2.9\tex\generic\oberdiek\ltxcmds.sty"
Package: ltxcmds 2011/11/09 v1.22 LaTeX kernel commands for general use (HO)
)
\Gread@gobject=\count92
))
\Gin@req@height=\dimen111
\Gin@req@width=\dimen112
)
("C:\Program Files (x86)\MiKTeX 2.9\tex\latex\base\ifthen.sty"
Package: ifthen 2001/05/26 v1.1c Standard LaTeX ifthen package (DPC)
)
\c@r@tfl@t=\count93
\rotFPtop=\skip54
\rotFPbot=\skip55
\rot@float@box=\box26
\rot@mess@toks=\toks16
)
("C:\Program Files (x86)\MiKTeX 2.9\tex\latex\ams\math\amsmath.sty"
Package: amsmath 2000/07/18 v2.13 AMS math features
\@mathmargin=\skip56

For additional information on amsmath, use the `?' option.
("C:\Program Files (x86)\MiKTeX 2.9\tex\latex\ams\math\amstext.sty"
Package: amstext 2000/06/29 v2.01

("C:\Program Files (x86)\MiKTeX 2.9\tex\latex\ams\math\amsgen.sty"
File: amsgen.sty 1999/11/30 v2.0
\@emptytoks=\toks17
\ex@=\dimen113
))
("C:\Program Files (x86)\MiKTeX 2.9\tex\latex\ams\math\amsbsy.sty"
Package: amsbsy 1999/11/29 v1.2d
\pmbraise@=\dimen114
)
("C:\Program Files (x86)\MiKTeX 2.9\tex\latex\ams\math\amsopn.sty"
Package: amsopn 1999/12/14 v2.01 operator names
)
\inf@bad=\count94
LaTeX Info: Redefining \frac on input line 211.
\uproot@=\count95
\leftroot@=\count96
LaTeX Info: Redefining \overline on input line 307.
\classnum@=\count97
\DOTSCASE@=\count98
LaTeX Info: Redefining \ldots on input line 379.
LaTeX Info: Redefining \dots on input line 382.
LaTeX Info: Redefining \cdots on input line 467.
\Mathstrutbox@=\box27
\strutbox@=\box28
\big@size=\dimen115
LaTeX Font Info:    Redeclaring font encoding OML on input line 567.
LaTeX Font Info:    Redeclaring font encoding OMS on input line 568.
\macc@depth=\count99
\c@MaxMatrixCols=\count100
\dotsspace@=\muskip10
\c@parentequation=\count101
\dspbrk@lvl=\count102
\tag@help=\toks18
\row@=\count103
\column@=\count104
\maxfields@=\count105
\andhelp@=\toks19
\eqnshift@=\dimen116
\alignsep@=\dimen117
\tagshift@=\dimen118
\tagwidth@=\dimen119
\totwidth@=\dimen120
\lineht@=\dimen121
\@envbody=\toks20
\multlinegap=\skip57
\multlinetaggap=\skip58
\mathdisplay@stack=\toks21
LaTeX Info: Redefining \[ on input line 2666.
LaTeX Info: Redefining \] on input line 2667.
)
("C:\Program Files (x86)\MiKTeX 2.9\tex\latex\ams\classes\amsthm.sty"
Package: amsthm 2004/08/06 v2.20
\thm@style=\toks22
\thm@bodyfont=\toks23
\thm@headfont=\toks24
\thm@notefont=\toks25
\thm@headpunct=\toks26
\thm@preskip=\skip59
\thm@postskip=\skip60
\thm@headsep=\skip61
\dth@everypar=\toks27
)
("C:\Program Files (x86)\MiKTeX 2.9\tex\latex\amsfonts\amsfonts.sty"
Package: amsfonts 2009/06/22 v3.00 Basic AMSFonts support
\symAMSa=\mathgroup4
\symAMSb=\mathgroup5
LaTeX Font Info:    Overwriting math alphabet `\mathfrak' in version `bold'
(Font)                  U/euf/m/n --> U/euf/b/n on input line 96.
)
("C:\Program Files (x86)\MiKTeX 2.9\tex\latex\amsfonts\amssymb.sty"
Package: amssymb 2009/06/22 v3.00
)
(C:\Users\Bret\AppData\Roaming\MiKTeX\2.9\tex\latex\setspace\setspace.sty
Package: setspace 2011/12/19 v6.7a set line spacing
)
(C:\Users\Bret\AppData\Roaming\MiKTeX\2.9\tex\latex\appendix\appendix.sty
Package: appendix 2009/09/02 v1.2b extra appendix facilities
\c@@pps=\count106
\c@@ppsavesec=\count107
\c@@ppsaveapp=\count108
)
("C:\Users\Bret\Desktop\Projects\Graduation - August 31\Bret's Dissertation\com
plete_dissertation.aux"
("C:\Users\Bret\Desktop\Projects\Graduation - August 31\Bret's Dissertation\can
oes.aux")
("C:\Users\Bret\Desktop\Projects\Graduation - August 31\Bret's Dissertation\rtd
ice.aux")
("C:\Users\Bret\Desktop\Projects\Graduation - August 31\Bret's Dissertation\gof
irstmove.aux"))
LaTeX Font Info:    Checking defaults for OML/cmm/m/it on input line 64.
LaTeX Font Info:    ... okay on input line 64.
LaTeX Font Info:    Checking defaults for T1/cmr/m/n on input line 64.
LaTeX Font Info:    ... okay on input line 64.
LaTeX Font Info:    Checking defaults for OT1/cmr/m/n on input line 64.
LaTeX Font Info:    ... okay on input line 64.
LaTeX Font Info:    Checking defaults for OMS/cmsy/m/n on input line 64.
LaTeX Font Info:    ... okay on input line 64.
LaTeX Font Info:    Checking defaults for OMX/cmex/m/n on input line 64.
LaTeX Font Info:    ... okay on input line 64.
LaTeX Font Info:    Checking defaults for U/cmr/m/n on input line 64.
LaTeX Font Info:    ... okay on input line 64.

*geometry* detected driver: pdftex
*geometry* verbose mode - [ preamble ] result:
* driver: pdftex
* paper: letterpaper
* layout: <same size as paper>
* layoutoffset:(h,v)=(0.0pt,0.0pt)
* modes: 
* h-part:(L,W,R)=(108.0pt, 432.295pt, 74.0pt)
* v-part:(T,H,B)=(108.0pt, 605.96999pt, 81.0pt)
* \paperwidth=614.295pt
* \paperheight=794.96999pt
* \textwidth=432.295pt
* \textheight=605.96999pt
* \oddsidemargin=35.73001pt
* \evensidemargin=35.73001pt
* \topmargin=3.85622pt
* \headheight=12.0pt
* \headsep=19.8738pt
* \topskip=12.0pt
* \footskip=30.0pt
* \marginparwidth=47.0pt
* \marginparsep=7.0pt
* \columnsep=10.0pt
* \skip\footins=10.8pt plus 4.0pt minus 2.0pt
* \hoffset=0.0pt
* \voffset=0.0pt
* \mag=1000
* \@twocolumnfalse
* \@twosidefalse
* \@mparswitchfalse
* \@reversemarginfalse
* (1in=72.27pt=25.4mm, 1cm=28.453pt)

(C:\Users\Bret\AppData\Roaming\MiKTeX\2.9\tex\context\base\supp-pdf.mkii
[Loading MPS to PDF converter (version 2006.09.02).]
\scratchcounter=\count109
\scratchdimen=\dimen122
\scratchbox=\box29
\nofMPsegments=\count110
\nofMParguments=\count111
\everyMPshowfont=\toks28
\MPscratchCnt=\count112
\MPscratchDim=\dimen123
\MPnumerator=\count113
\makeMPintoPDFobject=\count114
\everyMPtoPDFconversion=\toks29
) [1

{C:/Users/Bret/AppData/Local/MiKTeX/2.9/pdftex/config/pdftex.map}]
("C:\Users\Bret\Desktop\Projects\Graduation - August 31\Bret's Dissertation\com
plete_dissertation.toc"
LaTeX Font Info:    Try loading font information for U+msa on input line 2.

("C:\Program Files (x86)\MiKTeX 2.9\tex\latex\amsfonts\umsa.fd"
File: umsa.fd 2009/06/22 v3.00 AMS symbols A
)
LaTeX Font Info:    Try loading font information for U+msb on input line 2.

("C:\Program Files (x86)\MiKTeX 2.9\tex\latex\amsfonts\umsb.fd"
File: umsb.fd 2009/06/22 v3.00 AMS symbols B
)
Overfull \hbox (7.72296pt too wide) in paragraph at lines 17--17
 [] []\OT1/cmr/bx/n/12 Evolutionary De-com-po-si-tion and the Mech-a-nisms of C
ul-tural Change []  
 []

[2

])
\tf@toc=\write3
 [3] [4] [5] [6

]
("C:\Users\Bret\Desktop\Projects\Graduation - August 31\Bret's Dissertation\can
oes.tex"
Chapter 1.
[1


]

Package Fancyhdr Warning: \headheight is too small (12.0pt): 
 Make it at least 14.49998pt.
 We now make it that large for the rest of the document.
 This may cause the page layout to be inconsistent, however.

[2] [3] [4]
Overfull \hbox (0.79727pt too wide) in paragraph at lines 34--35
\OT1/cmr/m/n/12 ma-tion of the pro-cesses be-hind the data (Burn-ham and An-der
-son, 2002). Information-
 []

<figures/canoes/figMap.pdf, id=37, 835.12pt x 609.477pt>
File: figures/canoes/figMap.pdf Graphic file (type pdf)

<use figures/canoes/figMap.pdf>
Package pdftex.def Info: figures/canoes/figMap.pdf used on input line 43.
(pdftex.def)             Requested size: 334.04207pt x 243.78648pt.
 [5] [6 <C:/Users/Bret/Desktop/Projects/Graduation - August 31/Bret's Dissertat
ion/figures/canoes/figMap.pdf>] [7] [8] [9]
<figures/canoes/figBars.pdf, id=76, 913.80765pt x 549.89694pt>
File: figures/canoes/figBars.pdf Graphic file (type pdf)

<use figures/canoes/figBars.pdf>
Package pdftex.def Info: figures/canoes/figBars.pdf used on input line 80.
(pdftex.def)             Requested size: 411.20964pt x 247.45134pt.
 [10]
<figures/canoes/figOR.pdf, id=81, 630.355pt x 346.89601pt>
File: figures/canoes/figOR.pdf Graphic file (type pdf)

<use figures/canoes/figOR.pdf>
Package pdftex.def Info: figures/canoes/figOR.pdf used on input line 93.
(pdftex.def)             Requested size: 409.72589pt x 225.47972pt.
 [11 <C:/Users/Bret/Desktop/Projects/Graduation - August 31/Bret's Dissertation
/figures/canoes/figBars.pdf>] [12 <C:/Users/Bret/Desktop/Projects/Graduation - 
August 31/Bret's Dissertation/figures/canoes/figOR.pdf>] [13] [14] [15] [16] [1
7]
<figures/canoes/ESMFigure1.pdf, id=550, 996.523pt x 532.38902pt>
File: figures/canoes/ESMFigure1.pdf Graphic file (type pdf)

<use figures/canoes/ESMFigure1.pdf>
Package pdftex.def Info: figures/canoes/ESMFigure1.pdf used on input line 147.
(pdftex.def)             Requested size: 448.4312pt x 239.57283pt.

Overfull \hbox (16.1362pt too wide) in paragraph at lines 147--148
 [] 
 []

<figures/canoes/ESMFigure2.jpg, id=551, 642.4pt x 481.8pt>
File: figures/canoes/ESMFigure2.jpg Graphic file (type jpg)

<use figures/canoes/ESMFigure2.jpg>
Package pdftex.def Info: figures/canoes/ESMFigure2.jpg used on input line 154.
(pdftex.def)             Requested size: 256.95544pt x 192.71658pt.

<figures/canoes/ESMFigure3.jpg, id=552, 271.2534pt x 203.5605pt>
File: figures/canoes/ESMFigure3.jpg Graphic file (type jpg)

<use figures/canoes/ESMFigure3.jpg>
Package pdftex.def Info: figures/canoes/ESMFigure3.jpg used on input line 161.
(pdftex.def)             Requested size: 271.25273pt x 203.56pt.
 [18 <C:/Users/Bret/Desktop/Projects/Graduation - August 31/Bret's Dissertation
/figures/canoes/ESMFigure1.pdf>]
Missing character: There is no ’ in font cmr12!
 [19 <C:/Users/Bret/Desktop/Projects/Graduation - August 31/Bret's Dissertation
/figures/canoes/ESMFigure2.jpg>] [20 <C:/Users/Bret/Desktop/Projects/Graduation
 - August 31/Bret's Dissertation/figures/canoes/ESMFigure3.jpg>] [21] [22] [23]

Overfull \hbox (4.26994pt too wide) in paragraph at lines 224--249
 [] 
 []

) [24] [25] [26] [27] [28] [29] [30] [31]
("C:\Users\Bret\Desktop\Projects\Graduation - August 31\Bret's Dissertation\rtd
ice.tex"
Chapter 2.
[32



] [33] [34] [35] [36] [37] [38] [39] [40] [41]
<figures/rtdice/FigSnoobCol.pdf, id=638, 803.803pt x 437.635pt>
File: figures/rtdice/FigSnoobCol.pdf Graphic file (type pdf)

<use figures/rtdice/FigSnoobCol.pdf>
Package pdftex.def Info: figures/rtdice/FigSnoobCol.pdf used on input line 128.

(pdftex.def)             Requested size: 401.90051pt x 218.81696pt.
 [42] [43 <C:/Users/Bret/Desktop/Projects/Graduation - August 31/Bret's Dissert
ation/figures/rtdice/FigSnoobCol.pdf>]
[44] [45] [46] [47]
Overfull \hbox (4.6699pt too wide) in paragraph at lines 183--184
[]\OT1/cmr/m/n/12 These an-swers are read-ily avail-able from de-com-po-si-tion
 of mean phe-no-typic change,
 []

[48] [49] [50] [51] [52] [53] [54]
<figures/rtdice/ichange.pdf, id=698, 375.804pt x 163.812pt>
File: figures/rtdice/ichange.pdf Graphic file (type pdf)

<use figures/rtdice/ichange.pdf>
Package pdftex.def Info: figures/rtdice/ichange.pdf used on input line 283.
(pdftex.def)             Requested size: 375.80309pt x 163.81158pt.
 [55]
Overfull \hbox (18.48022pt too wide) in paragraph at lines 298--298
[]\OT1/cmtt/m/n/12 (sample.frq^conformity.bias.snoob + (1-sample.frq)^conformit
y.bias.snoob)[] 
 []

[56 <C:/Users/Bret/Desktop/Projects/Graduation - August 31/Bret's Dissertation/
figures/rtdice/ichange.pdf>] [57] [58]
<figures/rtdice/rs.pdf, id=721, 359.74399pt x 365.365pt>
File: figures/rtdice/rs.pdf Graphic file (type pdf)

<use figures/rtdice/rs.pdf>
Package pdftex.def Info: figures/rtdice/rs.pdf used on input line 394.
(pdftex.def)             Requested size: 359.7431pt x 365.3641pt.
 [59] [60] [61] [62]
<figures/rtdice/mortality.pdf, id=735, 353.32pt x 248.127pt>
File: figures/rtdice/mortality.pdf Graphic file (type pdf)

<use figures/rtdice/mortality.pdf>
Package pdftex.def Info: figures/rtdice/mortality.pdf used on input line 441.
(pdftex.def)             Requested size: 353.31914pt x 248.12637pt.

Overfull \hbox (6.13022pt too wide) in paragraph at lines 504--504
[]                                       \OT1/cmtt/m/n/12 + mortality.bias.snoo
b*snoob))))[] 
 []

[63] [64]
Underfull \hbox (badness 10000) in paragraph at lines 516--523

 []

[65] [66]) [67] [68 <C:/Users/Bret/Desktop/Projects/Graduation - August 31/Bret
's Dissertation/figures/rtdice/rs.pdf>] [69 <C:/Users/Bret/Desktop/Projects/Gra
duation - August 31/Bret's Dissertation/figures/rtdice/mortality.pdf>]
("C:\Users\Bret\Desktop\Projects\Graduation - August 31\Bret's Dissertation\gof
irstmove.tex"
Chapter 3.
[70



] [71] [72] [73] [74]
<figures/gofirstmove/figKifu.pdf, id=806, 325.30298pt x 344.90799pt>
File: figures/gofirstmove/figKifu.pdf Graphic file (type pdf)

<use figures/gofirstmove/figKifu.pdf>
Package pdftex.def Info: figures/gofirstmove/figKifu.pdf used on input line 45.

(pdftex.def)             Requested size: 260.24272pt x 275.92676pt.
 [75] [76 <C:/Users/Bret/Desktop/Projects/Graduation - August 31/Bret's Dissert
ation/figures/gofirstmove/figKifu.pdf>]
[77] <figures/gofirstmove/figHeat.pdf, id=854, 505.89288pt x 375.16692pt>
File: figures/gofirstmove/figHeat.pdf Graphic file (type pdf)

<use figures/gofirstmove/figHeat.pdf>
Package pdftex.def Info: figures/gofirstmove/figHeat.pdf used on input line 74.

(pdftex.def)             Requested size: 303.53807pt x 225.10188pt.
 [78] [79 <C:/Users/Bret/Desktop/Projects/Graduation - August 31/Bret's Dissert
ation/figures/gofirstmove/figHeat.pdf>]
<figures/gofirstmove/figShannon.pdf, id=888, 317.185pt x 207.174pt>
File: figures/gofirstmove/figShannon.pdf Graphic file (type pdf)

<use figures/gofirstmove/figShannon.pdf>
Package pdftex.def Info: figures/gofirstmove/figShannon.pdf used on input line 
87.
(pdftex.def)             Requested size: 317.1842pt x 207.17348pt.
 [80 <C:/Users/Bret/Desktop/Projects/Graduation - August 31/Bret's Dissertation
/figures/gofirstmove/figShannon.pdf>]
<figures/gofirstmove/figM1Freqs.pdf, id=967, 350.91101pt x 201.55301pt>
File: figures/gofirstmove/figM1Freqs.pdf Graphic file (type pdf)

<use figures/gofirstmove/figM1Freqs.pdf>
Package pdftex.def Info: figures/gofirstmove/figM1Freqs.pdf used on input line 
100.
(pdftex.def)             Requested size: 350.91014pt x 201.5525pt.
 [81 <C:/Users/Bret/Desktop/Projects/Graduation - August 31/Bret's Dissertation
/figures/gofirstmove/figM1Freqs.pdf>]
[82] [83]
<figures/gofirstmove/figPlayerDecomp.pdf, id=1052, 538.96602pt x 204.2649pt>
File: figures/gofirstmove/figPlayerDecomp.pdf Graphic file (type pdf)

<use figures/gofirstmove/figPlayerDecomp.pdf>
Package pdftex.def Info: figures/gofirstmove/figPlayerDecomp.pdf used on input 
line 136.
(pdftex.def)             Requested size: 431.1734pt x 163.41212pt.
 [84] [85 <C:/Users/Bret/Desktop/Projects/Graduation - August 31/Bret's Dissert
ation/figures/gofirstmove/figPlayerDecomp.pdf>] [86] [87] [88] [89] [90] [91]
<figures/gofirstmove/figmABCplots.pdf, id=1111, 532.39307pt x 169.27824pt>
File: figures/gofirstmove/figmABCplots.pdf Graphic file (type pdf)

<use figures/gofirstmove/figmABCplots.pdf>
Package pdftex.def Info: figures/gofirstmove/figmABCplots.pdf used on input lin
e 249.
(pdftex.def)             Requested size: 425.91502pt x 135.42276pt.
 [92 <C:/Users/Bret/Desktop/Projects/Graduation - August 31/Bret's Dissertation
/figures/gofirstmove/figmABCplots.pdf>]
<figures/gofirstmove/figFourfourPredicted.pdf, id=1153, 505.89pt x 279.05605pt>
File: figures/gofirstmove/figFourfourPredicted.pdf Graphic file (type pdf)
<use figures/gofirstmove/figFourfourPredicted.pdf>
Package pdftex.def Info: figures/gofirstmove/figFourfourPredicted.pdf used on i
nput line 264.
(pdftex.def)             Requested size: 354.12057pt x 195.33789pt.
 [93 <C:/Users/Bret/Desktop/Projects/Graduation - August 31/Bret's Dissertation
/figures/gofirstmove/figFourfourPredicted.pdf>]
<figures/gofirstmove/figM1FreqsWins.pdf, id=1189, 355.72899pt x 281.05pt>
File: figures/gofirstmove/figM1FreqsWins.pdf Graphic file (type pdf)

<use figures/gofirstmove/figM1FreqsWins.pdf>
Package pdftex.def Info: figures/gofirstmove/figM1FreqsWins.pdf used on input l
ine 286.
(pdftex.def)             Requested size: 355.72812pt x 281.0493pt.

<figures/gofirstmove/figSuccessCycle.pdf, id=1190, 495.26442pt x 429.77997pt>
File: figures/gofirstmove/figSuccessCycle.pdf Graphic file (type pdf)

<use figures/gofirstmove/figSuccessCycle.pdf>
Package pdftex.def Info: figures/gofirstmove/figSuccessCycle.pdf used on input 
line 294.
(pdftex.def)             Requested size: 371.4474pt x 322.33417pt.

<figures/gofirstmove/figPersonalFourfour.pdf, id=1191, 320.39702pt x 146.14601p
t>
File: figures/gofirstmove/figPersonalFourfour.pdf Graphic file (type pdf)
 <use figures/gofirstmove/figPersonalFourfour.pdf>
Package pdftex.def Info: figures/gofirstmove/figPersonalFourfour.pdf used on in
put line 302.
(pdftex.def)             Requested size: 320.39622pt x 146.14565pt.
 [94] [95 <C:/Users/Bret/Desktop/Projects/Graduation - August 31/Bret's Dissert
ation/figures/gofirstmove/figM1FreqsWins.pdf>] [96 <C:/Users/Bret/Desktop/Proje
cts/Graduation - August 31/Bret's Dissertation/figures/gofirstmove/figSuccessCy
cle.pdf>]
<figures/gofirstmove/figM2FreqsWins.pdf, id=1286, 319.594pt x 261.77798pt>
File: figures/gofirstmove/figM2FreqsWins.pdf Graphic file (type pdf)

<use figures/gofirstmove/figM2FreqsWins.pdf>
Package pdftex.def Info: figures/gofirstmove/figM2FreqsWins.pdf used on input l
ine 318.
(pdftex.def)             Requested size: 319.5932pt x 261.77734pt.

Overfull \hbox (6.52823pt too wide) in paragraph at lines 324--325
\OT1/cmr/m/n/12 Subsequent to Takemiya's ar-rival, the suc-cess of the Four-fou
r ap-pears to have prompted
 []

[97 <C:/Users/Bret/Desktop/Projects/Graduation - August 31/Bret's Dissertation/
figures/gofirstmove/figPersonalFourfour.pdf>] [98 <C:/Users/Bret/Desktop/Projec
ts/Graduation - August 31/Bret's Dissertation/figures/gofirstmove/figM2FreqsWin
s.pdf>] [99] [100] [101]) [102]
("C:\Users\Bret\Desktop\Projects\Graduation - August 31\Bret's Dissertation\bib
liography_manual.tex" [103


] [104] [105] [106] [107] [108] [109] [110] [111]
[112]) [113]
("C:\Users\Bret\Desktop\Projects\Graduation - August 31\Bret's Dissertation\com
plete_dissertation.aux"
("C:\Users\Bret\Desktop\Projects\Graduation - August 31\Bret's Dissertation\can
oes.aux")
("C:\Users\Bret\Desktop\Projects\Graduation - August 31\Bret's Dissertation\rtd
ice.aux")
("C:\Users\Bret\Desktop\Projects\Graduation - August 31\Bret's Dissertation\gof
irstmove.aux")) ) 
Here is how much of TeX's memory you used:
 3791 strings out of 494045
 56453 string characters out of 3145972
 150888 words of memory out of 3000000
 6988 multiletter control sequences out of 15000+200000
 14719 words of font info for 56 fonts, out of 3000000 for 9000
 715 hyphenation exceptions out of 8191
 34i,14n,43p,1691b,488s stack positions out of 5000i,500n,10000p,200000b,50000s
<C:/Program Files (x86)/MiKTeX 2.9/fonts/type1/public/amsfonts
/cm/cmbx10.pfb><C:/Program Files (x86)/MiKTeX 2.9/fonts/type1/public/amsfonts/c
m/cmbx12.pfb><C:/Program Files (x86)/MiKTeX 2.9/fonts/type1/public/amsfonts/cm/
cmex10.pfb><C:/Program Files (x86)/MiKTeX 2.9/fonts/type1/public/amsfonts/cm/cm
mi10.pfb><C:/Program Files (x86)/MiKTeX 2.9/fonts/type1/public/amsfonts/cm/cmmi
12.pfb><C:/Program Files (x86)/MiKTeX 2.9/fonts/type1/public/amsfonts/cm/cmmi6.
pfb><C:/Program Files (x86)/MiKTeX 2.9/fonts/type1/public/amsfonts/cm/cmmi7.pfb
><C:/Program Files (x86)/MiKTeX 2.9/fonts/type1/public/amsfonts/cm/cmmi8.pfb><C
:/Program Files (x86)/MiKTeX 2.9/fonts/type1/public/amsfonts/cm/cmr10.pfb><C:/P
rogram Files (x86)/MiKTeX 2.9/fonts/type1/public/amsfonts/cm/cmr12.pfb><C:/Prog
ram Files (x86)/MiKTeX 2.9/fonts/type1/public/amsfonts/cm/cmr17.pfb><C:/Program
 Files (x86)/MiKTeX 2.9/fonts/type1/public/amsfonts/cm/cmr7.pfb><C:/Program Fil
es (x86)/MiKTeX 2.9/fonts/type1/public/amsfonts/cm/cmr8.pfb><C:/Program Files (
x86)/MiKTeX 2.9/fonts/type1/public/amsfonts/cm/cmsl12.pfb><C:/Program Files (x8
6)/MiKTeX 2.9/fonts/type1/public/amsfonts/cm/cmsy10.pfb><C:/Program Files (x86)
/MiKTeX 2.9/fonts/type1/public/amsfonts/cm/cmsy7.pfb><C:/Program Files (x86)/Mi
KTeX 2.9/fonts/type1/public/amsfonts/cm/cmsy8.pfb><C:/Program Files (x86)/MiKTe
X 2.9/fonts/type1/public/amsfonts/cm/cmti10.pfb><C:/Program Files (x86)/MiKTeX 
2.9/fonts/type1/public/amsfonts/cm/cmti12.pfb><C:/Program Files (x86)/MiKTeX 2.
9/fonts/type1/public/amsfonts/cm/cmtt10.pfb><C:/Program Files (x86)/MiKTeX 2.9/
fonts/type1/public/amsfonts/cm/cmtt12.pfb>
Output written on complete_dissertation.pdf (119 pages, 3333206 bytes).
PDF statistics:
 1561 PDF objects out of 1728 (max. 8388607)
 0 named destinations out of 1000 (max. 500000)
 106 words of extra memory for PDF output out of 10000 (max. 10000000)

